-------------------------------------------------------------------------------
Test set: co.gov.mintic.g43.reto3MinticG43.Reto3MinticG43ApplicationTests
-------------------------------------------------------------------------------
Tests run: 1, Failures: 0, Errors: 1, Skipped: 0, Time elapsed: 49.136 s <<< FAILURE! - in co.gov.mintic.g43.reto3MinticG43.Reto3MinticG43ApplicationTests
contextLoads  Time elapsed: 0.01 s  <<< ERROR!
java.lang.IllegalStateException: Failed to load ApplicationContext
Caused by: org.springframework.beans.factory.UnsatisfiedDependencyException: Error creating bean with name 'controladorClient': Unsatisfied dependency expressed through field 'clientServicio'; nested exception is org.springframework.beans.factory.UnsatisfiedDependencyException: Error creating bean with name 'clientServicio': Unsatisfied dependency expressed through field 'clientRepo'; nested exception is org.springframework.beans.factory.BeanCreationException: Error creating bean with name 'clientRepositorio' defined in co.gov.mintic.g43.reto3MinticG43.crud.ClientRepositorio defined in @EnableJpaRepositories declared on JpaRepositoriesRegistrar.EnableJpaRepositoriesConfiguration: Invocation of init method failed; nested exception is org.springframework.data.repository.query.QueryCreationException: Could not create query for public abstract co.gov.mintic.g43.reto3MinticG43.entidades.Client co.gov.mintic.g43.reto3MinticG43.crud.ClientRepositorio.findAllByidCient(java.lang.Long)! Reason: Failed to create query for method public abstract co.gov.mintic.g43.reto3MinticG43.entidades.Client co.gov.mintic.g43.reto3MinticG43.crud.ClientRepositorio.findAllByidCient(java.lang.Long)! No property idCient found for type Client! Did you mean 'idClient'?; nested exception is java.lang.IllegalArgumentException: Failed to create query for method public abstract co.gov.mintic.g43.reto3MinticG43.entidades.Client co.gov.mintic.g43.reto3MinticG43.crud.ClientRepositorio.findAllByidCient(java.lang.Long)! No property idCient found for type Client! Did you mean 'idClient'?
Caused by: org.springframework.beans.factory.UnsatisfiedDependencyException: Error creating bean with name 'clientServicio': Unsatisfied dependency expressed through field 'clientRepo'; nested exception is org.springframework.beans.factory.BeanCreationException: Error creating bean with name 'clientRepositorio' defined in co.gov.mintic.g43.reto3MinticG43.crud.ClientRepositorio defined in @EnableJpaRepositories declared on JpaRepositoriesRegistrar.EnableJpaRepositoriesConfiguration: Invocation of init method failed; nested exception is org.springframework.data.repository.query.QueryCreationException: Could not create query for public abstract co.gov.mintic.g43.reto3MinticG43.entidades.Client co.gov.mintic.g43.reto3MinticG43.crud.ClientRepositorio.findAllByidCient(java.lang.Long)! Reason: Failed to create query for method public abstract co.gov.mintic.g43.reto3MinticG43.entidades.Client co.gov.mintic.g43.reto3MinticG43.crud.ClientRepositorio.findAllByidCient(java.lang.Long)! No property idCient found for type Client! Did you mean 'idClient'?; nested exception is java.lang.IllegalArgumentException: Failed to create query for method public abstract co.gov.mintic.g43.reto3MinticG43.entidades.Client co.gov.mintic.g43.reto3MinticG43.crud.ClientRepositorio.findAllByidCient(java.lang.Long)! No property idCient found for type Client! Did you mean 'idClient'?
Caused by: org.springframework.beans.factory.BeanCreationException: Error creating bean with name 'clientRepositorio' defined in co.gov.mintic.g43.reto3MinticG43.crud.ClientRepositorio defined in @EnableJpaRepositories declared on JpaRepositoriesRegistrar.EnableJpaRepositoriesConfiguration: Invocation of init method failed; nested exception is org.springframework.data.repository.query.QueryCreationException: Could not create query for public abstract co.gov.mintic.g43.reto3MinticG43.entidades.Client co.gov.mintic.g43.reto3MinticG43.crud.ClientRepositorio.findAllByidCient(java.lang.Long)! Reason: Failed to create query for method public abstract co.gov.mintic.g43.reto3MinticG43.entidades.Client co.gov.mintic.g43.reto3MinticG43.crud.ClientRepositorio.findAllByidCient(java.lang.Long)! No property idCient found for type Client! Did you mean 'idClient'?; nested exception is java.lang.IllegalArgumentException: Failed to create query for method public abstract co.gov.mintic.g43.reto3MinticG43.entidades.Client co.gov.mintic.g43.reto3MinticG43.crud.ClientRepositorio.findAllByidCient(java.lang.Long)! No property idCient found for type Client! Did you mean 'idClient'?
Caused by: org.springframework.data.repository.query.QueryCreationException: Could not create query for public abstract co.gov.mintic.g43.reto3MinticG43.entidades.Client co.gov.mintic.g43.reto3MinticG43.crud.ClientRepositorio.findAllByidCient(java.lang.Long)! Reason: Failed to create query for method public abstract co.gov.mintic.g43.reto3MinticG43.entidades.Client co.gov.mintic.g43.reto3MinticG43.crud.ClientRepositorio.findAllByidCient(java.lang.Long)! No property idCient found for type Client! Did you mean 'idClient'?; nested exception is java.lang.IllegalArgumentException: Failed to create query for method public abstract co.gov.mintic.g43.reto3MinticG43.entidades.Client co.gov.mintic.g43.reto3MinticG43.crud.ClientRepositorio.findAllByidCient(java.lang.Long)! No property idCient found for type Client! Did you mean 'idClient'?
Caused by: java.lang.IllegalArgumentException: Failed to create query for method public abstract co.gov.mintic.g43.reto3MinticG43.entidades.Client co.gov.mintic.g43.reto3MinticG43.crud.ClientRepositorio.findAllByidCient(java.lang.Long)! No property idCient found for type Client! Did you mean 'idClient'?
Caused by: org.springframework.data.mapping.PropertyReferenceException: No property idCient found for type Client! Did you mean 'idClient'?

